# JRE version: Java(TM) SE Runtime Environment (19.0.1+10) (build 19.0.1+10-21)
# Java VM: Java HotSpot(TM) 64-Bit Server VM (19.0.1+10-21, mixed mode, sharing, tiered, compressed oops, compressed class ptrs, g1 gc, windows-amd64)
GC Precious Log:
 CardTable entry size: 512
 Card Set container configuration: InlinePtr #cards 5 size 8 Array Of Cards #cards 12 size 40 Howl #buckets 4 coarsen threshold 1843 Howl Bitmap #cards 512 size 80 coarsen threshold 460 Card regions per heap region 1 cards per card region 2048
 CPUs: 2 total, 2 available
 Memory: 3972M
 Large Page Support: Disabled
 NUMA Support: Disabled
 Compressed Oops: Enabled (32-bit)
 Heap Region Size: 1M
 Heap Min Capacity: 8M
 Heap Initial Capacity: 64M
 Heap Max Capacity: 994M
 Pre-touch: Disabled
 Parallel Workers: 2
 Concurrent Workers: 1
 Concurrent Refinement Workers: 2
 Periodic GC: Disabled
Heap:
 garbage-first heap   total 56320K, used 27203K [0x00000000c1e00000, 0x0000000100000000)
  region size 1024K, 11 young (11264K), 2 survivors (2048K)
 Metaspace       used 26863K, committed 27264K, reserved 1114112K
  class space    used 2941K, committed 3136K, reserved 1048576K
GC Heap History (20 events):
Event: 1.378 GC heap before
{Heap before GC invocations=0 (full 0):
 garbage-first heap   total 65536K, used 5120K [0x00000000c1e00000, 0x0000000100000000)
  region size 1024K, 6 young (6144K), 0 survivors (0K)
 Metaspace       used 1966K, committed 2112K, reserved 1114112K
  class space    used 163K, committed 256K, reserved 1048576K
}
Event: 1.385 GC heap after
{Heap after GC invocations=1 (full 0):
 garbage-first heap   total 65536K, used 1949K [0x00000000c1e00000, 0x0000000100000000)
  region size 1024K, 1 young (1024K), 1 survivors (1024K)
 Metaspace       used 1966K, committed 2112K, reserved 1114112K
  class space    used 163K, committed 256K, reserved 1048576K
}
Event: 2.100 GC heap before
{Heap before GC invocations=1 (full 0):
 garbage-first heap   total 65536K, used 6045K [0x00000000c1e00000, 0x0000000100000000)
  region size 1024K, 5 young (5120K), 1 survivors (1024K)
 Metaspace       used 2978K, committed 3200K, reserved 1114112K
  class space    used 277K, committed 384K, reserved 1048576K
}
Event: 2.107 GC heap after
{Heap after GC invocations=2 (full 0):
 garbage-first heap   total 65536K, used 3061K [0x00000000c1e00000, 0x0000000100000000)
  region size 1024K, 1 young (1024K), 1 survivors (1024K)
 Metaspace       used 2978K, committed 3200K, reserved 1114112K
  class space    used 277K, committed 384K, reserved 1048576K
}
Event: 2.941 GC heap before
{Heap before GC invocations=2 (full 0):
 garbage-first heap   total 65536K, used 11253K [0x00000000c1e00000, 0x0000000100000000)
  region size 1024K, 10 young (10240K), 1 survivors (1024K)
 Metaspace       used 4835K, committed 4992K, reserved 1114112K
  class space    used 536K, committed 640K, reserved 1048576K
}
Event: 2.949 GC heap after
{Heap after GC invocations=3 (full 0):
 garbage-first heap   total 65536K, used 3630K [0x00000000c1e00000, 0x0000000100000000)
  region size 1024K, 2 young (2048K), 2 survivors (2048K)
 Metaspace       used 4835K, committed 4992K, reserved 1114112K
  class space    used 536K, committed 640K, reserved 1048576K
}
Event: 7.403 GC heap before
{Heap before GC invocations=3 (full 0):
 garbage-first heap   total 65536K, used 39470K [0x00000000c1e00000, 0x0000000100000000)
  region size 1024K, 38 young (38912K), 2 survivors (2048K)
 Metaspace       used 11033K, committed 11328K, reserved 1114112K
  class space    used 1274K, committed 1408K, reserved 1048576K
}
Event: 7.424 GC heap after
{Heap after GC invocations=4 (full 0):
 garbage-first heap   total 65536K, used 6271K [0x00000000c1e00000, 0x0000000100000000)
  region size 1024K, 5 young (5120K), 5 survivors (5120K)
 Metaspace       used 11033K, committed 11328K, reserved 1114112K
  class space    used 1274K, committed 1408K, reserved 1048576K
}
Event: 10.709 GC heap before
{Heap before GC invocations=4 (full 0):
 garbage-first heap   total 65536K, used 40063K [0x00000000c1e00000, 0x0000000100000000)
  region size 1024K, 38 young (38912K), 5 survivors (5120K)
 Metaspace       used 13438K, committed 13696K, reserved 1114112K
  class space    used 1476K, committed 1600K, reserved 1048576K
}
Event: 10.734 GC heap after
{Heap after GC invocations=5 (full 0):
 garbage-first heap   total 65536K, used 9060K [0x00000000c1e00000, 0x0000000100000000)
  region size 1024K, 3 young (3072K), 3 survivors (3072K)
 Metaspace       used 13438K, committed 13696K, reserved 1114112K
  class space    used 1476K, committed 1600K, reserved 1048576K
}
Event: 13.169 GC heap before
{Heap before GC invocations=5 (full 0):
 garbage-first heap   total 65536K, used 44900K [0x00000000c1e00000, 0x0000000100000000)
  region size 1024K, 38 young (38912K), 3 survivors (3072K)
 Metaspace       used 14131K, committed 14464K, reserved 1114112K
  class space    used 1507K, committed 1664K, reserved 1048576K
}
Event: 13.184 GC heap after
{Heap after GC invocations=6 (full 0):
 garbage-first heap   total 65536K, used 10373K [0x00000000c1e00000, 0x0000000100000000)
  region size 1024K, 5 young (5120K), 5 survivors (5120K)
 Metaspace       used 14131K, committed 14464K, reserved 1114112K
  class space    used 1507K, committed 1664K, reserved 1048576K
}
Event: 17.476 GC heap before
{Heap before GC invocations=6 (full 0):
 garbage-first heap   total 65536K, used 44165K [0x00000000c1e00000, 0x0000000100000000)
  region size 1024K, 38 young (38912K), 5 survivors (5120K)
 Metaspace       used 16174K, committed 16512K, reserved 1114112K
  class space    used 1777K, committed 1920K, reserved 1048576K
}
Event: 17.496 GC heap after
{Heap after GC invocations=7 (full 0):
 garbage-first heap   total 65536K, used 12267K [0x00000000c1e00000, 0x0000000100000000)
  region size 1024K, 4 young (4096K), 4 survivors (4096K)
 Metaspace       used 16174K, committed 16512K, reserved 1114112K
  class space    used 1777K, committed 1920K, reserved 1048576K
}
Event: 19.706 GC heap before
{Heap before GC invocations=7 (full 0):
 garbage-first heap   total 65536K, used 23531K [0x00000000c1e00000, 0x0000000100000000)
  region size 1024K, 16 young (16384K), 4 survivors (4096K)
 Metaspace       used 21139K, committed 21504K, reserved 1114112K
  class space    used 2389K, committed 2624K, reserved 1048576K
}
Event: 19.732 GC heap after
{Heap after GC invocations=8 (full 0):
 garbage-first heap   total 65536K, used 13616K [0x00000000c1e00000, 0x0000000100000000)
  region size 1024K, 4 young (4096K), 4 survivors (4096K)
 Metaspace       used 21139K, committed 21504K, reserved 1114112K
  class space    used 2389K, committed 2624K, reserved 1048576K
}
Event: 24.433 GC heap before
{Heap before GC invocations=9 (full 0):
 garbage-first heap   total 48128K, used 47408K [0x00000000c1e00000, 0x0000000100000000)
  region size 1024K, 37 young (37888K), 4 survivors (4096K)
 Metaspace       used 26035K, committed 26432K, reserved 1114112K
  class space    used 2881K, committed 3072K, reserved 1048576K
}
Event: 24.460 GC heap after
{Heap after GC invocations=10 (full 0):
 garbage-first heap   total 56320K, used 17532K [0x00000000c1e00000, 0x0000000100000000)
  region size 1024K, 5 young (5120K), 5 survivors (5120K)
 Metaspace       used 26035K, committed 26432K, reserved 1114112K
  class space    used 2881K, committed 3072K, reserved 1048576K
}
Event: 26.513 GC heap before
{Heap before GC invocations=10 (full 0):
 garbage-first heap   total 56320K, used 42108K [0x00000000c1e00000, 0x0000000100000000)
  region size 1024K, 29 young (29696K), 5 survivors (5120K)
 Metaspace       used 26734K, committed 27136K, reserved 1114112K
  class space    used 2934K, committed 3136K, reserved 1048576K
}
Event: 26.532 GC heap after
{Heap after GC invocations=11 (full 0):
 garbage-first heap   total 56320K, used 19011K [0x00000000c1e00000, 0x0000000100000000)
  region size 1024K, 2 young (2048K), 2 survivors (2048K)
 Metaspace       used 26734K, committed 27136K, reserved 1114112K
  class space    used 2934K, committed 3136K, reserved 1048576K
}

